[10-Feb-2026 23:30:35 Africa/Cairo] PHP Fatal error:  Uncaught Error: Call to undefined function mb_internal_encoding() in C:\Users\DELL\Desktop\phpdesktop-chrome-57.0-rc-php-7.1.3\www\index.php:17
Stack trace:
#0 {main}
  thrown in C:\Users\DELL\Desktop\phpdesktop-chrome-57.0-rc-php-7.1.3\www\index.php on line 17
[11-Feb-2026 23:07:40 Africa/Cairo] Migration error in 002_add_multi_unit_support.sql: SQLSTATE[HY000]: General error: 1 duplicate column name: pack_type
[11-Feb-2026 23:07:40 Africa/Cairo] Migration error in 002_add_multi_unit_support.sql: SQLSTATE[HY000]: General error: 1 duplicate column name: pack_type
[11-Feb-2026 23:07:40 Africa/Cairo] Migration error in 002_add_multi_unit_support.sql: SQLSTATE[HY000]: General error: 1 duplicate column name: pack_type
[11-Feb-2026 23:07:40 Africa/Cairo] Migration error in 002_add_multi_unit_support.sql: SQLSTATE[HY000]: General error: 1 duplicate column name: pack_type
[11-Feb-2026 23:07:40 Africa/Cairo] Migration error in 002_add_multi_unit_support.sql: SQLSTATE[HY000]: General error: 1 duplicate column name: pack_type
[11-Feb-2026 23:07:40 Africa/Cairo] Migration error in 002_add_multi_unit_support.sql: SQLSTATE[HY000]: General error: 1 duplicate column name: pack_type
[11-Feb-2026 23:07:40 Africa/Cairo] Migration error in 002_add_multi_unit_support.sql: SQLSTATE[HY000]: General error: 1 duplicate column name: pack_type
[11-Feb-2026 23:07:40 Africa/Cairo] Migration error in 002_add_multi_unit_support.sql: SQLSTATE[HY000]: General error: 1 duplicate column name: pack_type
[11-Feb-2026 23:07:40 Africa/Cairo] Migration error in 002_add_multi_unit_support.sql: SQLSTATE[HY000]: General error: 1 duplicate column name: pack_type
[11-Feb-2026 23:07:41 Africa/Cairo] Migration error in 002_add_multi_unit_support.sql: SQLSTATE[HY000]: General error: 1 duplicate column name: pack_type
[11-Feb-2026 23:07:41 Africa/Cairo] Migration error in 002_add_multi_unit_support.sql: SQLSTATE[HY000]: General error: 1 duplicate column name: pack_type
[11-Feb-2026 23:07:41 Africa/Cairo] Migration error in 002_add_multi_unit_support.sql: SQLSTATE[HY000]: General error: 1 duplicate column name: pack_type
[11-Feb-2026 23:07:41 Africa/Cairo] Migration error in 002_add_multi_unit_support.sql: SQLSTATE[HY000]: General error: 1 duplicate column name: pack_type
[11-Feb-2026 23:07:41 Africa/Cairo] Migration error in 002_add_multi_unit_support.sql: SQLSTATE[HY000]: General error: 1 duplicate column name: pack_type
[11-Feb-2026 23:07:41 Africa/Cairo] Migration error in 002_add_multi_unit_support.sql: SQLSTATE[HY000]: General error: 1 duplicate column name: pack_type
[11-Feb-2026 23:07:41 Africa/Cairo] Migration error in 002_add_multi_unit_support.sql: SQLSTATE[HY000]: General error: 1 duplicate column name: pack_type
[11-Feb-2026 23:07:41 Africa/Cairo] Migration error in 002_add_multi_unit_support.sql: SQLSTATE[HY000]: General error: 1 duplicate column name: pack_type
[11-Feb-2026 23:07:41 Africa/Cairo] Migration error in 002_add_multi_unit_support.sql: SQLSTATE[HY000]: General error: 1 duplicate column name: pack_type
[11-Feb-2026 23:07:41 Africa/Cairo] Migration error in 002_add_multi_unit_support.sql: SQLSTATE[HY000]: General error: 1 duplicate column name: pack_type
[11-Feb-2026 23:07:41 Africa/Cairo] Migration error in 002_add_multi_unit_support.sql: SQLSTATE[HY000]: General error: 1 duplicate column name: pack_type
[11-Feb-2026 23:07:41 Africa/Cairo] Migration error in 002_add_multi_unit_support.sql: SQLSTATE[HY000]: General error: 1 duplicate column name: pack_type
[11-Feb-2026 23:07:41 Africa/Cairo] Migration error in 002_add_multi_unit_support.sql: SQLSTATE[HY000]: General error: 1 duplicate column name: pack_type
[11-Feb-2026 23:07:43 Africa/Cairo] Migration error in 002_add_multi_unit_support.sql: SQLSTATE[HY000]: General error: 1 duplicate column name: pack_type
[11-Feb-2026 23:07:43 Africa/Cairo] Migration error in 002_add_multi_unit_support.sql: SQLSTATE[HY000]: General error: 1 duplicate column name: pack_type
[11-Feb-2026 23:07:45 Africa/Cairo] Migration error in 002_add_multi_unit_support.sql: SQLSTATE[HY000]: General error: 1 duplicate column name: pack_type
[11-Feb-2026 23:08:17 Africa/Cairo] Migration error in 002_add_multi_unit_support.sql: SQLSTATE[HY000]: General error: 1 duplicate column name: pack_type
[11-Feb-2026 23:08:18 Africa/Cairo] Migration error in 002_add_multi_unit_support.sql: SQLSTATE[HY000]: General error: 1 duplicate column name: pack_type
[11-Feb-2026 23:08:19 Africa/Cairo] Migration error in 002_add_multi_unit_support.sql: SQLSTATE[HY000]: General error: 1 duplicate column name: pack_type
[11-Feb-2026 23:08:20 Africa/Cairo] Migration error in 002_add_multi_unit_support.sql: SQLSTATE[HY000]: General error: 1 duplicate column name: pack_type
[11-Feb-2026 23:09:56 Africa/Cairo] Migration error in 002_add_multi_unit_support.sql: SQLSTATE[HY000]: General error: 1 duplicate column name: pack_type
[11-Feb-2026 23:09:56 Africa/Cairo] Migration error in 002_add_multi_unit_support.sql: SQLSTATE[HY000]: General error: 1 duplicate column name: pack_type
[11-Feb-2026 23:10:01 Africa/Cairo] Migration error in 002_add_multi_unit_support.sql: SQLSTATE[HY000]: General error: 1 duplicate column name: pack_type
[11-Feb-2026 23:10:03 Africa/Cairo] Migration error in 002_add_multi_unit_support.sql: SQLSTATE[HY000]: General error: 1 duplicate column name: pack_type
[11-Feb-2026 23:10:03 Africa/Cairo] Migration error in 002_add_multi_unit_support.sql: SQLSTATE[HY000]: General error: 1 duplicate column name: pack_type
[11-Feb-2026 23:10:05 Africa/Cairo] Migration error in 002_add_multi_unit_support.sql: SQLSTATE[HY000]: General error: 1 duplicate column name: pack_type
[11-Feb-2026 23:10:08 Africa/Cairo] Migration error in 002_add_multi_unit_support.sql: SQLSTATE[HY000]: General error: 1 duplicate column name: pack_type
[11-Feb-2026 23:10:12 Africa/Cairo] Migration error in 002_add_multi_unit_support.sql: SQLSTATE[HY000]: General error: 1 duplicate column name: pack_type
[11-Feb-2026 23:10:18 Africa/Cairo] Migration error in 002_add_multi_unit_support.sql: SQLSTATE[HY000]: General error: 1 duplicate column name: pack_type
[11-Feb-2026 23:10:20 Africa/Cairo] Migration error in 002_add_multi_unit_support.sql: SQLSTATE[HY000]: General error: 1 duplicate column name: pack_type
[11-Feb-2026 23:10:21 Africa/Cairo] Migration error in 002_add_multi_unit_support.sql: SQLSTATE[HY000]: General error: 1 duplicate column name: pack_type
[11-Feb-2026 23:10:23 Africa/Cairo] Migration error in 002_add_multi_unit_support.sql: SQLSTATE[HY000]: General error: 1 duplicate column name: pack_type
[11-Feb-2026 23:10:24 Africa/Cairo] Migration error in 002_add_multi_unit_support.sql: SQLSTATE[HY000]: General error: 1 duplicate column name: pack_type
[11-Feb-2026 23:10:26 Africa/Cairo] Migration error in 002_add_multi_unit_support.sql: SQLSTATE[HY000]: General error: 1 duplicate column name: pack_type
[11-Feb-2026 23:10:43 Africa/Cairo] Migration error in 002_add_multi_unit_support.sql: SQLSTATE[HY000]: General error: 1 duplicate column name: pack_type
[11-Feb-2026 23:10:52 Africa/Cairo] Migration error in 002_add_multi_unit_support.sql: SQLSTATE[HY000]: General error: 1 duplicate column name: pack_type
[11-Feb-2026 23:10:53 Africa/Cairo] Migration error in 002_add_multi_unit_support.sql: SQLSTATE[HY000]: General error: 1 duplicate column name: pack_type
[11-Feb-2026 23:10:59 Africa/Cairo] Migration error in 002_add_multi_unit_support.sql: SQLSTATE[HY000]: General error: 1 duplicate column name: pack_type
[11-Feb-2026 23:11:01 Africa/Cairo] Migration error in 002_add_multi_unit_support.sql: SQLSTATE[HY000]: General error: 1 duplicate column name: pack_type
[11-Feb-2026 23:11:01 Africa/Cairo] Migration error in 002_add_multi_unit_support.sql: SQLSTATE[HY000]: General error: 1 duplicate column name: pack_type
[11-Feb-2026 23:30:27 Africa/Cairo] Migration error in 002_add_multi_unit_support.sql: SQLSTATE[HY000]: General error: 1 duplicate column name: pack_type
[11-Feb-2026 23:30:29 Africa/Cairo] Migration error in 002_add_multi_unit_support.sql: SQLSTATE[HY000]: General error: 1 duplicate column name: pack_type
[11-Feb-2026 23:34:27 Africa/Cairo] Migration error in 002_add_multi_unit_support.sql: SQLSTATE[HY000]: General error: 1 duplicate column name: pack_type
[11-Feb-2026 23:34:27 Africa/Cairo] Migration error in 002_add_multi_unit_support.sql: SQLSTATE[HY000]: General error: 1 duplicate column name: pack_type
[11-Feb-2026 23:34:41 Africa/Cairo] Migration error in 002_add_multi_unit_support.sql: SQLSTATE[HY000]: General error: 1 duplicate column name: pack_type
[11-Feb-2026 23:34:42 Africa/Cairo] Migration error in 002_add_multi_unit_support.sql: SQLSTATE[HY000]: General error: 1 duplicate column name: pack_type
[11-Feb-2026 23:34:42 Africa/Cairo] Migration error in 002_add_multi_unit_support.sql: SQLSTATE[HY000]: General error: 1 duplicate column name: pack_type
[11-Feb-2026 23:34:47 Africa/Cairo] Migration error in 002_add_multi_unit_support.sql: SQLSTATE[HY000]: General error: 1 duplicate column name: pack_type
[11-Feb-2026 23:34:47 Africa/Cairo] Migration error in 002_add_multi_unit_support.sql: SQLSTATE[HY000]: General error: 1 duplicate column name: pack_type
[11-Feb-2026 23:34:49 Africa/Cairo] Migration error in 002_add_multi_unit_support.sql: SQLSTATE[HY000]: General error: 1 duplicate column name: pack_type
[11-Feb-2026 23:34:50 Africa/Cairo] Migration error in 002_add_multi_unit_support.sql: SQLSTATE[HY000]: General error: 1 duplicate column name: pack_type
[11-Feb-2026 23:35:17 Africa/Cairo] Migration error in 002_add_multi_unit_support.sql: SQLSTATE[HY000]: General error: 1 duplicate column name: pack_type
[11-Feb-2026 23:35:19 Africa/Cairo] Migration error in 002_add_multi_unit_support.sql: SQLSTATE[HY000]: General error: 1 duplicate column name: pack_type
[11-Feb-2026 23:35:35 Africa/Cairo] Migration error in 002_add_multi_unit_support.sql: SQLSTATE[HY000]: General error: 1 duplicate column name: pack_type
[11-Feb-2026 23:35:35 Africa/Cairo] Migration error in 002_add_multi_unit_support.sql: SQLSTATE[HY000]: General error: 1 duplicate column name: pack_type
[11-Feb-2026 23:35:37 Africa/Cairo] Migration error in 002_add_multi_unit_support.sql: SQLSTATE[HY000]: General error: 1 duplicate column name: pack_type
[11-Feb-2026 23:40:37 Africa/Cairo] Migration error in 002_add_multi_unit_support.sql: SQLSTATE[HY000]: General error: 1 duplicate column name: pack_type
[11-Feb-2026 23:40:48 Africa/Cairo] Migration error in 002_add_multi_unit_support.sql: SQLSTATE[HY000]: General error: 1 duplicate column name: pack_type
[11-Feb-2026 23:40:51 Africa/Cairo] Migration error in 002_add_multi_unit_support.sql: SQLSTATE[HY000]: General error: 1 duplicate column name: pack_type
[11-Feb-2026 23:40:51 Africa/Cairo] Migration error in 002_add_multi_unit_support.sql: SQLSTATE[HY000]: General error: 1 duplicate column name: pack_type
[11-Feb-2026 23:41:28 Africa/Cairo] Migration error in 002_add_multi_unit_support.sql: SQLSTATE[HY000]: General error: 1 duplicate column name: pack_type
[11-Feb-2026 23:41:28 Africa/Cairo] Migration error in 002_add_multi_unit_support.sql: SQLSTATE[HY000]: General error: 1 duplicate column name: pack_type
[11-Feb-2026 23:41:30 Africa/Cairo] Migration error in 002_add_multi_unit_support.sql: SQLSTATE[HY000]: General error: 1 duplicate column name: pack_type
[11-Feb-2026 23:41:32 Africa/Cairo] Migration error in 002_add_multi_unit_support.sql: SQLSTATE[HY000]: General error: 1 duplicate column name: pack_type
[11-Feb-2026 23:41:33 Africa/Cairo] Migration error in 002_add_multi_unit_support.sql: SQLSTATE[HY000]: General error: 1 duplicate column name: pack_type
[11-Feb-2026 23:41:37 Africa/Cairo] Migration error in 002_add_multi_unit_support.sql: SQLSTATE[HY000]: General error: 1 duplicate column name: pack_type
[11-Feb-2026 23:41:37 Africa/Cairo] Migration error in 002_add_multi_unit_support.sql: SQLSTATE[HY000]: General error: 1 duplicate column name: pack_type
[11-Feb-2026 23:41:37 Africa/Cairo] Migration error in 002_add_multi_unit_support.sql: SQLSTATE[HY000]: General error: 1 duplicate column name: pack_type
[11-Feb-2026 23:41:45 Africa/Cairo] Migration error in 002_add_multi_unit_support.sql: SQLSTATE[HY000]: General error: 1 duplicate column name: pack_type
[11-Feb-2026 23:41:46 Africa/Cairo] Migration error in 002_add_multi_unit_support.sql: SQLSTATE[HY000]: General error: 1 duplicate column name: pack_type
[11-Feb-2026 23:42:19 Africa/Cairo] Migration error in 002_add_multi_unit_support.sql: SQLSTATE[HY000]: General error: 1 duplicate column name: pack_type
[11-Feb-2026 23:42:19 Africa/Cairo] Migration error in 002_add_multi_unit_support.sql: SQLSTATE[HY000]: General error: 1 duplicate column name: pack_type
[11-Feb-2026 23:44:16 Africa/Cairo] Migration error in 002_add_multi_unit_support.sql: SQLSTATE[HY000]: General error: 1 duplicate column name: pack_type
[11-Feb-2026 23:44:49 Africa/Cairo] Migration error in 002_add_multi_unit_support.sql: SQLSTATE[HY000]: General error: 1 duplicate column name: pack_type
[11-Feb-2026 23:44:49 Africa/Cairo] Migration error in 002_add_multi_unit_support.sql: SQLSTATE[HY000]: General error: 1 duplicate column name: pack_type
[11-Feb-2026 23:44:50 Africa/Cairo] Migration error in 002_add_multi_unit_support.sql: SQLSTATE[HY000]: General error: 1 duplicate column name: pack_type
[11-Feb-2026 23:44:50 Africa/Cairo] Migration error in 002_add_multi_unit_support.sql: SQLSTATE[HY000]: General error: 1 duplicate column name: pack_type
[11-Feb-2026 23:44:50 Africa/Cairo] Migration error in 002_add_multi_unit_support.sql: SQLSTATE[HY000]: General error: 1 duplicate column name: pack_type
[11-Feb-2026 23:44:51 Africa/Cairo] Migration error in 002_add_multi_unit_support.sql: SQLSTATE[HY000]: General error: 1 duplicate column name: pack_type
[11-Feb-2026 23:44:51 Africa/Cairo] Migration error in 002_add_multi_unit_support.sql: SQLSTATE[HY000]: General error: 1 duplicate column name: pack_type
[11-Feb-2026 23:44:51 Africa/Cairo] Migration error in 002_add_multi_unit_support.sql: SQLSTATE[HY000]: General error: 1 duplicate column name: pack_type
[11-Feb-2026 23:44:51 Africa/Cairo] Migration error in 002_add_multi_unit_support.sql: SQLSTATE[HY000]: General error: 1 duplicate column name: pack_type
[11-Feb-2026 23:44:52 Africa/Cairo] Migration error in 002_add_multi_unit_support.sql: SQLSTATE[HY000]: General error: 1 duplicate column name: pack_type
[11-Feb-2026 23:44:52 Africa/Cairo] Migration error in 002_add_multi_unit_support.sql: SQLSTATE[HY000]: General error: 1 duplicate column name: pack_type
[11-Feb-2026 23:44:52 Africa/Cairo] Migration error in 002_add_multi_unit_support.sql: SQLSTATE[HY000]: General error: 1 duplicate column name: pack_type
[11-Feb-2026 23:44:52 Africa/Cairo] Migration error in 002_add_multi_unit_support.sql: SQLSTATE[HY000]: General error: 1 duplicate column name: pack_type
[11-Feb-2026 23:44:55 Africa/Cairo] Migration error in 002_add_multi_unit_support.sql: SQLSTATE[HY000]: General error: 1 duplicate column name: pack_type
[11-Feb-2026 23:44:56 Africa/Cairo] Migration error in 002_add_multi_unit_support.sql: SQLSTATE[HY000]: General error: 1 duplicate column name: pack_type
[11-Feb-2026 23:45:56 Africa/Cairo] Migration error in 002_add_multi_unit_support.sql: SQLSTATE[HY000]: General error: 1 duplicate column name: pack_type
[11-Feb-2026 23:45:59 Africa/Cairo] Migration error in 002_add_multi_unit_support.sql: SQLSTATE[HY000]: General error: 1 duplicate column name: pack_type
[11-Feb-2026 23:45:59 Africa/Cairo] Migration error in 002_add_multi_unit_support.sql: SQLSTATE[HY000]: General error: 1 duplicate column name: pack_type
[11-Feb-2026 23:46:08 Africa/Cairo] Migration error in 002_add_multi_unit_support.sql: SQLSTATE[HY000]: General error: 1 duplicate column name: pack_type
[11-Feb-2026 23:46:08 Africa/Cairo] Migration error in 002_add_multi_unit_support.sql: SQLSTATE[HY000]: General error: 1 duplicate column name: pack_type
[11-Feb-2026 23:46:09 Africa/Cairo] Migration error in 002_add_multi_unit_support.sql: SQLSTATE[HY000]: General error: 1 duplicate column name: pack_type
[11-Feb-2026 23:46:09 Africa/Cairo] Migration error in 002_add_multi_unit_support.sql: SQLSTATE[HY000]: General error: 1 duplicate column name: pack_type
[11-Feb-2026 23:48:00 Africa/Cairo] Migration error in 002_add_multi_unit_support.sql: SQLSTATE[HY000]: General error: 1 duplicate column name: pack_type
[11-Feb-2026 23:48:03 Africa/Cairo] Migration error in 002_add_multi_unit_support.sql: SQLSTATE[HY000]: General error: 1 duplicate column name: pack_type
[11-Feb-2026 23:48:03 Africa/Cairo] Migration error in 002_add_multi_unit_support.sql: SQLSTATE[HY000]: General error: 1 duplicate column name: pack_type
[11-Feb-2026 23:48:06 Africa/Cairo] Migration error in 002_add_multi_unit_support.sql: SQLSTATE[HY000]: General error: 1 duplicate column name: pack_type
[11-Feb-2026 23:48:08 Africa/Cairo] Migration error in 002_add_multi_unit_support.sql: SQLSTATE[HY000]: General error: 1 duplicate column name: pack_type
[11-Feb-2026 23:48:08 Africa/Cairo] Migration error in 002_add_multi_unit_support.sql: SQLSTATE[HY000]: General error: 1 duplicate column name: pack_type
[11-Feb-2026 23:48:09 Africa/Cairo] Migration error in 002_add_multi_unit_support.sql: SQLSTATE[HY000]: General error: 1 duplicate column name: pack_type
[11-Feb-2026 23:48:10 Africa/Cairo] Migration error in 002_add_multi_unit_support.sql: SQLSTATE[HY000]: General error: 1 duplicate column name: pack_type
[11-Feb-2026 23:48:11 Africa/Cairo] Migration error in 002_add_multi_unit_support.sql: SQLSTATE[HY000]: General error: 1 duplicate column name: pack_type
[11-Feb-2026 23:48:12 Africa/Cairo] Migration error in 002_add_multi_unit_support.sql: SQLSTATE[HY000]: General error: 1 duplicate column name: pack_type
[11-Feb-2026 23:48:12 Africa/Cairo] Migration error in 002_add_multi_unit_support.sql: SQLSTATE[HY000]: General error: 1 duplicate column name: pack_type
[11-Feb-2026 23:48:14 Africa/Cairo] Migration error in 002_add_multi_unit_support.sql: SQLSTATE[HY000]: General error: 1 duplicate column name: pack_type
[11-Feb-2026 23:48:16 Africa/Cairo] Migration error in 002_add_multi_unit_support.sql: SQLSTATE[HY000]: General error: 1 duplicate column name: pack_type
[11-Feb-2026 23:48:19 Africa/Cairo] Migration error in 002_add_multi_unit_support.sql: SQLSTATE[HY000]: General error: 1 duplicate column name: pack_type
[11-Feb-2026 23:48:20 Africa/Cairo] Migration error in 002_add_multi_unit_support.sql: SQLSTATE[HY000]: General error: 1 duplicate column name: pack_type
[11-Feb-2026 23:48:23 Africa/Cairo] Migration error in 002_add_multi_unit_support.sql: SQLSTATE[HY000]: General error: 1 duplicate column name: pack_type
[11-Feb-2026 23:48:24 Africa/Cairo] Migration error in 002_add_multi_unit_support.sql: SQLSTATE[HY000]: General error: 1 duplicate column name: pack_type
[11-Feb-2026 23:48:25 Africa/Cairo] Migration error in 002_add_multi_unit_support.sql: SQLSTATE[HY000]: General error: 1 duplicate column name: pack_type
[11-Feb-2026 23:48:25 Africa/Cairo] Migration error in 002_add_multi_unit_support.sql: SQLSTATE[HY000]: General error: 1 duplicate column name: pack_type
[11-Feb-2026 23:48:26 Africa/Cairo] Migration error in 002_add_multi_unit_support.sql: SQLSTATE[HY000]: General error: 1 duplicate column name: pack_type
[11-Feb-2026 23:49:46 Africa/Cairo] Migration error in 002_add_multi_unit_support.sql: SQLSTATE[HY000]: General error: 1 duplicate column name: pack_type
[11-Feb-2026 23:49:47 Africa/Cairo] Migration error in 002_add_multi_unit_support.sql: SQLSTATE[HY000]: General error: 1 duplicate column name: pack_type
[11-Feb-2026 23:49:47 Africa/Cairo] Migration error in 002_add_multi_unit_support.sql: SQLSTATE[HY000]: General error: 1 duplicate column name: pack_type
[11-Feb-2026 23:49:47 Africa/Cairo] Migration error in 002_add_multi_unit_support.sql: SQLSTATE[HY000]: General error: 1 duplicate column name: pack_type
[11-Feb-2026 23:49:47 Africa/Cairo] Migration error in 002_add_multi_unit_support.sql: SQLSTATE[HY000]: General error: 1 duplicate column name: pack_type
[11-Feb-2026 23:49:50 Africa/Cairo] Migration error in 002_add_multi_unit_support.sql: SQLSTATE[HY000]: General error: 1 duplicate column name: pack_type
[11-Feb-2026 23:49:58 Africa/Cairo] Migration error in 002_add_multi_unit_support.sql: SQLSTATE[HY000]: General error: 1 duplicate column name: pack_type
[11-Feb-2026 23:49:59 Africa/Cairo] Migration error in 002_add_multi_unit_support.sql: SQLSTATE[HY000]: General error: 1 duplicate column name: pack_type
[11-Feb-2026 23:50:45 Africa/Cairo] Migration error in 002_add_multi_unit_support.sql: SQLSTATE[HY000]: General error: 1 duplicate column name: pack_type
[11-Feb-2026 23:50:47 Africa/Cairo] Migration error in 002_add_multi_unit_support.sql: SQLSTATE[HY000]: General error: 1 duplicate column name: pack_type
[11-Feb-2026 23:50:51 Africa/Cairo] Migration error in 002_add_multi_unit_support.sql: SQLSTATE[HY000]: General error: 1 duplicate column name: pack_type
[11-Feb-2026 23:50:53 Africa/Cairo] Migration error in 002_add_multi_unit_support.sql: SQLSTATE[HY000]: General error: 1 duplicate column name: pack_type
[11-Feb-2026 23:50:56 Africa/Cairo] Migration error in 002_add_multi_unit_support.sql: SQLSTATE[HY000]: General error: 1 duplicate column name: pack_type
[11-Feb-2026 23:51:15 Africa/Cairo] Migration error in 002_add_multi_unit_support.sql: SQLSTATE[HY000]: General error: 1 duplicate column name: pack_type
[11-Feb-2026 23:51:19 Africa/Cairo] Migration error in 002_add_multi_unit_support.sql: SQLSTATE[HY000]: General error: 1 duplicate column name: pack_type
[11-Feb-2026 23:51:21 Africa/Cairo] Migration error in 002_add_multi_unit_support.sql: SQLSTATE[HY000]: General error: 1 duplicate column name: pack_type
[11-Feb-2026 23:51:38 Africa/Cairo] Migration error in 002_add_multi_unit_support.sql: SQLSTATE[HY000]: General error: 1 duplicate column name: pack_type
[11-Feb-2026 23:51:38 Africa/Cairo] Migration error in 002_add_multi_unit_support.sql: SQLSTATE[HY000]: General error: 1 duplicate column name: pack_type
[11-Feb-2026 23:51:46 Africa/Cairo] Migration error in 002_add_multi_unit_support.sql: SQLSTATE[HY000]: General error: 1 duplicate column name: pack_type
[11-Feb-2026 23:51:49 Africa/Cairo] Migration error in 002_add_multi_unit_support.sql: SQLSTATE[HY000]: General error: 1 duplicate column name: pack_type
[11-Feb-2026 23:51:52 Africa/Cairo] Migration error in 002_add_multi_unit_support.sql: SQLSTATE[HY000]: General error: 1 duplicate column name: pack_type
[11-Feb-2026 23:51:53 Africa/Cairo] Migration error in 002_add_multi_unit_support.sql: SQLSTATE[HY000]: General error: 1 duplicate column name: pack_type
[11-Feb-2026 23:51:55 Africa/Cairo] Migration error in 002_add_multi_unit_support.sql: SQLSTATE[HY000]: General error: 1 duplicate column name: pack_type
[11-Feb-2026 23:52:36 Africa/Cairo] Migration error in 002_add_multi_unit_support.sql: SQLSTATE[HY000]: General error: 1 duplicate column name: pack_type
[11-Feb-2026 23:52:40 Africa/Cairo] Migration error in 002_add_multi_unit_support.sql: SQLSTATE[HY000]: General error: 1 duplicate column name: pack_type
[11-Feb-2026 23:52:43 Africa/Cairo] Migration error in 002_add_multi_unit_support.sql: SQLSTATE[HY000]: General error: 1 duplicate column name: pack_type
[11-Feb-2026 23:52:48 Africa/Cairo] Migration error in 002_add_multi_unit_support.sql: SQLSTATE[HY000]: General error: 1 duplicate column name: pack_type
[11-Feb-2026 23:52:53 Africa/Cairo] Migration error in 002_add_multi_unit_support.sql: SQLSTATE[HY000]: General error: 1 duplicate column name: pack_type
[11-Feb-2026 23:52:54 Africa/Cairo] Migration error in 002_add_multi_unit_support.sql: SQLSTATE[HY000]: General error: 1 duplicate column name: pack_type
[11-Feb-2026 23:59:02 Africa/Cairo] Migration error in 002_add_multi_unit_support.sql: SQLSTATE[HY000]: General error: 1 duplicate column name: pack_type
[11-Feb-2026 23:59:03 Africa/Cairo] Migration error in 002_add_multi_unit_support.sql: SQLSTATE[HY000]: General error: 1 duplicate column name: pack_type
[11-Feb-2026 23:59:03 Africa/Cairo] Migration error in 002_add_multi_unit_support.sql: SQLSTATE[HY000]: General error: 1 duplicate column name: pack_type
[11-Feb-2026 23:59:03 Africa/Cairo] Migration error in 002_add_multi_unit_support.sql: SQLSTATE[HY000]: General error: 1 duplicate column name: pack_type
[11-Feb-2026 23:59:03 Africa/Cairo] Migration error in 002_add_multi_unit_support.sql: SQLSTATE[HY000]: General error: 1 duplicate column name: pack_type
[11-Feb-2026 23:59:05 Africa/Cairo] Migration error in 002_add_multi_unit_support.sql: SQLSTATE[HY000]: General error: 1 duplicate column name: pack_type
[11-Feb-2026 23:59:29 Africa/Cairo] Migration error in 002_add_multi_unit_support.sql: SQLSTATE[HY000]: General error: 1 duplicate column name: pack_type
[11-Feb-2026 23:59:30 Africa/Cairo] Migration error in 002_add_multi_unit_support.sql: SQLSTATE[HY000]: General error: 1 duplicate column name: pack_type
[12-Feb-2026 00:02:41 Africa/Cairo] Migration error in 002_add_multi_unit_support.sql: SQLSTATE[HY000]: General error: 1 duplicate column name: pack_type
[12-Feb-2026 00:02:42 Africa/Cairo] Migration error in 002_add_multi_unit_support.sql: SQLSTATE[HY000]: General error: 1 duplicate column name: pack_type
[12-Feb-2026 00:02:42 Africa/Cairo] Migration error in 002_add_multi_unit_support.sql: SQLSTATE[HY000]: General error: 1 duplicate column name: pack_type
[12-Feb-2026 00:02:42 Africa/Cairo] Migration error in 002_add_multi_unit_support.sql: SQLSTATE[HY000]: General error: 1 duplicate column name: pack_type
[12-Feb-2026 00:02:44 Africa/Cairo] Migration error in 002_add_multi_unit_support.sql: SQLSTATE[HY000]: General error: 1 duplicate column name: pack_type
[12-Feb-2026 00:02:45 Africa/Cairo] Migration error in 002_add_multi_unit_support.sql: SQLSTATE[HY000]: General error: 1 duplicate column name: pack_type
[12-Feb-2026 00:02:46 Africa/Cairo] Migration error in 002_add_multi_unit_support.sql: SQLSTATE[HY000]: General error: 1 duplicate column name: pack_type
[12-Feb-2026 00:02:46 Africa/Cairo] Migration error in 002_add_multi_unit_support.sql: SQLSTATE[HY000]: General error: 1 duplicate column name: pack_type
[12-Feb-2026 00:02:46 Africa/Cairo] Migration error in 002_add_multi_unit_support.sql: SQLSTATE[HY000]: General error: 1 duplicate column name: pack_type
[12-Feb-2026 00:02:46 Africa/Cairo] Migration error in 002_add_multi_unit_support.sql: SQLSTATE[HY000]: General error: 1 duplicate column name: pack_type
[12-Feb-2026 00:02:46 Africa/Cairo] Migration error in 002_add_multi_unit_support.sql: SQLSTATE[HY000]: General error: 1 duplicate column name: pack_type
[12-Feb-2026 00:02:46 Africa/Cairo] Migration error in 002_add_multi_unit_support.sql: SQLSTATE[HY000]: General error: 1 duplicate column name: pack_type
[12-Feb-2026 00:02:46 Africa/Cairo] Migration error in 002_add_multi_unit_support.sql: SQLSTATE[HY000]: General error: 1 duplicate column name: pack_type
[12-Feb-2026 00:02:46 Africa/Cairo] Migration error in 002_add_multi_unit_support.sql: SQLSTATE[HY000]: General error: 1 duplicate column name: pack_type
[12-Feb-2026 00:02:46 Africa/Cairo] Migration error in 002_add_multi_unit_support.sql: SQLSTATE[HY000]: General error: 1 duplicate column name: pack_type
[12-Feb-2026 00:02:46 Africa/Cairo] Migration error in 002_add_multi_unit_support.sql: SQLSTATE[HY000]: General error: 1 duplicate column name: pack_type
[12-Feb-2026 00:02:46 Africa/Cairo] Migration error in 002_add_multi_unit_support.sql: SQLSTATE[HY000]: General error: 1 duplicate column name: pack_type
[12-Feb-2026 00:02:46 Africa/Cairo] Migration error in 002_add_multi_unit_support.sql: SQLSTATE[HY000]: General error: 1 duplicate column name: pack_type
[12-Feb-2026 00:02:47 Africa/Cairo] Migration error in 002_add_multi_unit_support.sql: SQLSTATE[HY000]: General error: 1 duplicate column name: pack_type
[12-Feb-2026 00:03:15 Africa/Cairo] Migration error in 002_add_multi_unit_support.sql: SQLSTATE[HY000]: General error: 1 duplicate column name: pack_type
[12-Feb-2026 00:03:18 Africa/Cairo] Migration error in 002_add_multi_unit_support.sql: SQLSTATE[HY000]: General error: 1 duplicate column name: pack_type
[12-Feb-2026 00:06:02 Africa/Cairo] Migration error in 002_add_multi_unit_support.sql: SQLSTATE[HY000]: General error: 1 duplicate column name: pack_type
[12-Feb-2026 00:06:05 Africa/Cairo] Migration error in 002_add_multi_unit_support.sql: SQLSTATE[HY000]: General error: 1 duplicate column name: pack_type
[12-Feb-2026 00:09:43 Africa/Cairo] Migration error in 002_add_multi_unit_support.sql: SQLSTATE[HY000]: General error: 1 duplicate column name: pack_type
[12-Feb-2026 00:09:44 Africa/Cairo] Migration error in 002_add_multi_unit_support.sql: SQLSTATE[HY000]: General error: 1 duplicate column name: pack_type
[12-Feb-2026 00:09:44 Africa/Cairo] Migration error in 002_add_multi_unit_support.sql: SQLSTATE[HY000]: General error: 1 duplicate column name: pack_type
[12-Feb-2026 00:09:45 Africa/Cairo] Migration error in 002_add_multi_unit_support.sql: SQLSTATE[HY000]: General error: 1 duplicate column name: pack_type
[12-Feb-2026 00:09:49 Africa/Cairo] Migration error in 002_add_multi_unit_support.sql: SQLSTATE[HY000]: General error: 1 duplicate column name: pack_type
[12-Feb-2026 00:09:53 Africa/Cairo] Migration error in 002_add_multi_unit_support.sql: SQLSTATE[HY000]: General error: 1 duplicate column name: pack_type
[12-Feb-2026 00:09:54 Africa/Cairo] Migration error in 002_add_multi_unit_support.sql: SQLSTATE[HY000]: General error: 1 duplicate column name: pack_type
[12-Feb-2026 00:09:55 Africa/Cairo] Migration error in 002_add_multi_unit_support.sql: SQLSTATE[HY000]: General error: 1 duplicate column name: pack_type
[12-Feb-2026 00:10:26 Africa/Cairo] Migration error in 002_add_multi_unit_support.sql: SQLSTATE[HY000]: General error: 1 duplicate column name: pack_type
[12-Feb-2026 00:10:26 Africa/Cairo] Migration error in 002_add_multi_unit_support.sql: SQLSTATE[HY000]: General error: 1 duplicate column name: pack_type
[12-Feb-2026 00:10:42 Africa/Cairo] Migration error in 002_add_multi_unit_support.sql: SQLSTATE[HY000]: General error: 1 duplicate column name: pack_type
[12-Feb-2026 00:10:54 Africa/Cairo] Migration error in 002_add_multi_unit_support.sql: SQLSTATE[HY000]: General error: 1 duplicate column name: pack_type
[12-Feb-2026 00:10:56 Africa/Cairo] Migration error in 002_add_multi_unit_support.sql: SQLSTATE[HY000]: General error: 1 duplicate column name: pack_type
[12-Feb-2026 00:11:23 Africa/Cairo] Migration error in 002_add_multi_unit_support.sql: SQLSTATE[HY000]: General error: 1 duplicate column name: pack_type
[12-Feb-2026 00:11:28 Africa/Cairo] Migration error in 002_add_multi_unit_support.sql: SQLSTATE[HY000]: General error: 1 duplicate column name: pack_type
[12-Feb-2026 00:11:34 Africa/Cairo] Migration error in 002_add_multi_unit_support.sql: SQLSTATE[HY000]: General error: 1 duplicate column name: pack_type
[12-Feb-2026 00:11:38 Africa/Cairo] Migration error in 002_add_multi_unit_support.sql: SQLSTATE[HY000]: General error: 1 duplicate column name: pack_type
[12-Feb-2026 00:11:41 Africa/Cairo] Migration error in 002_add_multi_unit_support.sql: SQLSTATE[HY000]: General error: 1 duplicate column name: pack_type
[12-Feb-2026 00:11:43 Africa/Cairo] Migration error in 002_add_multi_unit_support.sql: SQLSTATE[HY000]: General error: 1 duplicate column name: pack_type
[12-Feb-2026 00:11:44 Africa/Cairo] Migration error in 002_add_multi_unit_support.sql: SQLSTATE[HY000]: General error: 1 duplicate column name: pack_type
[12-Feb-2026 00:11:44 Africa/Cairo] Migration error in 002_add_multi_unit_support.sql: SQLSTATE[HY000]: General error: 1 duplicate column name: pack_type
[12-Feb-2026 00:11:45 Africa/Cairo] Migration error in 002_add_multi_unit_support.sql: SQLSTATE[HY000]: General error: 1 duplicate column name: pack_type
[12-Feb-2026 00:11:46 Africa/Cairo] Migration error in 002_add_multi_unit_support.sql: SQLSTATE[HY000]: General error: 1 duplicate column name: pack_type
[12-Feb-2026 00:11:48 Africa/Cairo] Migration error in 002_add_multi_unit_support.sql: SQLSTATE[HY000]: General error: 1 duplicate column name: pack_type
[12-Feb-2026 00:11:49 Africa/Cairo] Migration error in 002_add_multi_unit_support.sql: SQLSTATE[HY000]: General error: 1 duplicate column name: pack_type
[12-Feb-2026 00:11:50 Africa/Cairo] Migration error in 002_add_multi_unit_support.sql: SQLSTATE[HY000]: General error: 1 duplicate column name: pack_type
[12-Feb-2026 00:11:53 Africa/Cairo] Migration error in 002_add_multi_unit_support.sql: SQLSTATE[HY000]: General error: 1 duplicate column name: pack_type
[12-Feb-2026 00:11:55 Africa/Cairo] Migration error in 002_add_multi_unit_support.sql: SQLSTATE[HY000]: General error: 1 duplicate column name: pack_type
